0 info it worked if it ends with ok
1 verbose cli [ '/home/okupa/.nvm/versions/node/v5.3.0/bin/node',
1 verbose cli   '/home/okupa/.nvm/versions/node/v5.3.0/bin/npm',
1 verbose cli   'start' ]
2 info using npm@3.8.6
3 info using node@v5.3.0
4 verbose stack Error: missing script: start
4 verbose stack     at run (/home/okupa/.nvm/versions/node/v5.3.0/lib/node_modules/npm/lib/run-script.js:147:19)
4 verbose stack     at /home/okupa/.nvm/versions/node/v5.3.0/lib/node_modules/npm/lib/run-script.js:57:5
4 verbose stack     at /home/okupa/.nvm/versions/node/v5.3.0/lib/node_modules/npm/node_modules/read-package-json/read-json.js:345:5
4 verbose stack     at checkBinReferences_ (/home/okupa/.nvm/versions/node/v5.3.0/lib/node_modules/npm/node_modules/read-package-json/read-json.js:309:45)
4 verbose stack     at final (/home/okupa/.nvm/versions/node/v5.3.0/lib/node_modules/npm/node_modules/read-package-json/read-json.js:343:3)
4 verbose stack     at then (/home/okupa/.nvm/versions/node/v5.3.0/lib/node_modules/npm/node_modules/read-package-json/read-json.js:113:5)
4 verbose stack     at /home/okupa/.nvm/versions/node/v5.3.0/lib/node_modules/npm/node_modules/read-package-json/read-json.js:232:12
4 verbose stack     at /home/okupa/.nvm/versions/node/v5.3.0/lib/node_modules/npm/node_modules/graceful-fs/graceful-fs.js:78:16
4 verbose stack     at tryToString (fs.js:414:3)
4 verbose stack     at FSReqWrap.readFileAfterClose [as oncomplete] (fs.js:401:12)
5 verbose cwd /home/okupa/Escritorio/freelo/firedux/generator-firedux
6 error Linux 4.4.0-47-generic
7 error argv "/home/okupa/.nvm/versions/node/v5.3.0/bin/node" "/home/okupa/.nvm/versions/node/v5.3.0/bin/npm" "start"
8 error node v5.3.0
9 error npm  v3.8.6
10 error missing script: start
11 error If you need help, you may report this error at:
11 error     <https://github.com/npm/npm/issues>
12 verbose exit [ 1, true ]
